<?xml version="1.0" encoding="UTF-8"?>
<testsuite xmlns:xsi="http://www.w3.org/2001/XMLSchema-instance" xsi:noNamespaceSchemaLocation="https://maven.apache.org/surefire/maven-surefire-plugin/xsd/surefire-test-report-3.0.xsd" version="3.0" name="com.example.core.CoreApplicationTests" time="3.511" tests="1" errors="0" skipped="0" failures="0">
  <properties>
[...]
</properties>
  <testcase name="contextLoads" classname="com.example.core.CoreApplicationTests" time="0.968">
    <system-out><![CDATA[12:40:00.492 [main] INFO org.springframework.test.context.support.AnnotationConfigContextLoaderUtils -- Could not detect default configuration classes for test class [com.example.core.CoreApplicationTests]: CoreApplicationTests does not declare any static, non-private, non-final, nested classes annotated with @Configuration.
12:40:00.625 [main] INFO org.springframework.boot.test.context.SpringBootTestContextBootstrapper -- Found @SpringBootConfiguration com.example.core.CoreApplication for test class com.example.core.CoreApplicationTests
12:40:00.835 [main] INFO org.springframework.boot.devtools.restart.RestartApplicationListener -- Restart disabled due to context in which it is running

  .   ____          _            __ _ _
 /\\ / ___'_ __ _ _(_)_ __  __ _ \ \ \ \
( ( )\___ | '_ | '_| | '_ \/ _` | \ \ \ \
 \\/  ___)| |_)| | | | | || (_| |  ) ) ) )
  '  |____| .__|_| |_|_| |_\__, | / / / /
 =========|_|==============|___/=/_/_/_/

 :: Spring Boot ::                (v3.3.5)

2024-11-07T12:40:01.201+05:30  INFO 11169 --- [core] [           main] com.example.core.CoreApplicationTests    : Starting CoreApplicationTests using Java 17.0.13 with PID 11169 (started by dev1024 in /home/dev1024/Harshil/Learning/core)
2024-11-07T12:40:01.209+05:30  INFO 11169 --- [core] [           main] com.example.core.CoreApplicationTests    : No active profile set, falling back to 1 default profile: "default"
2024-11-07T12:40:02.790+05:30  INFO 11169 --- [core] [           main] com.example.core.CoreApplicationTests    : Started CoreApplicationTests in 1.972 seconds (process running for 3.18)
]]></system-out>
  </testcase>
</testsuite>